[22:47:11] [main/INFO]: Loading for game Minecraft 1.16.5
[22:47:11] [main/INFO]: Fabric is preparing JARs on first launch, this may take a few seconds...
[22:47:32] [main/INFO]: [FabricLoader] Loading 3 mods: minecraft@1.16.5, java@11, fabricloader@0.11.3
[22:47:32] [main/INFO]: SpongePowered MIXIN Subsystem Version=0.8.2 Source=file:/home/ubuntu/paper/fabric-server-launch.jar Service=Knot/Fabric Env=SERVER
[22:47:42] [main/INFO]: Environment: authHost='https://authserver.mojang.com', accountsHost='https://api.mojang.com', sessionHost='https://sessionserver.mojang.com', servicesHost='https://api.minecraftservices.com', name='PROD'
[22:47:43] [main/WARN]: Ambiguity between arguments [teleport, destination] and [teleport, targets] with inputs: [Player, 0123, @e, dd12be42-52a9-4a91-a8a1-11c01849e498]
[22:47:43] [main/WARN]: Ambiguity between arguments [teleport, location] and [teleport, destination] with inputs: [0.1 -0.5 .9, 0 0 0]
[22:47:43] [main/WARN]: Ambiguity between arguments [teleport, location] and [teleport, targets] with inputs: [0.1 -0.5 .9, 0 0 0]
[22:47:43] [main/WARN]: Ambiguity between arguments [teleport, targets] and [teleport, destination] with inputs: [Player, 0123, dd12be42-52a9-4a91-a8a1-11c01849e498]
[22:47:43] [main/WARN]: Ambiguity between arguments [teleport, targets, location] and [teleport, targets, destination] with inputs: [0.1 -0.5 .9, 0 0 0]
[22:47:43] [main/INFO]: Reloading ResourceManager: Default, bukkit
[22:47:46] [Worker-Main-2/INFO]: Loaded 7 recipes
[22:47:47] [Worker-Main-2/INFO]: Loaded 927 advancements
[22:47:52] [Server thread/INFO]: Starting minecraft server version 1.16.5
[22:47:52] [Server thread/INFO]: Loading properties
[22:47:52] [Server thread/INFO]: Default game type: SURVIVAL
[22:47:52] [Server thread/INFO]: Generating keypair
[22:47:52] [Server thread/INFO]: Starting Minecraft server on *:25565
[22:47:53] [Server thread/INFO]: Using epoll channel type
[22:47:53] [Server thread/INFO]: Preparing level "world"
[22:47:53] [Server thread/INFO]: Preparing start region for dimension minecraft:overworld
[22:47:56] [Server thread/INFO]: Preparing spawn area: 0%
[22:47:56] [Server thread/INFO]: Preparing spawn area: 0%
[22:47:56] [Server thread/INFO]: Preparing spawn area: 0%
[22:47:56] [Server thread/INFO]: Preparing spawn area: 0%
[22:47:56] [Server thread/INFO]: Preparing spawn area: 0%
[22:47:56] [Server thread/INFO]: Preparing spawn area: 0%
[22:47:57] [Server thread/INFO]: Preparing spawn area: 0%
[22:47:57] [Server thread/INFO]: Preparing spawn area: 22%
[22:47:58] [Server thread/INFO]: Time elapsed: 4387 ms
[22:47:58] [Server thread/INFO]: Done (4.694s)! For help, type "help"
[22:48:40] [Server thread/INFO]: Stopping the server
[22:48:40] [Server thread/INFO]: Stopping server
[22:48:40] [Server thread/INFO]: Saving players
[22:48:40] [Server thread/INFO]: Saving worlds
[22:48:40] [Server thread/INFO]: Saving chunks for level 'ServerLevel[world]'/minecraft:overworld
[22:48:44] [Server thread/INFO]: ThreadedAnvilChunkStorage (world): All chunks are saved
[22:48:44] [Server thread/INFO]: Saving chunks for level 'ServerLevel[world]'/minecraft:the_nether
[22:48:44] [Server thread/INFO]: ThreadedAnvilChunkStorage (DIM-1): All chunks are saved
[22:48:44] [Server thread/INFO]: Saving chunks for level 'ServerLevel[world]'/minecraft:the_end
[22:48:44] [Server thread/INFO]: ThreadedAnvilChunkStorage (DIM1): All chunks are saved
[22:48:44] [Server thread/INFO]: ThreadedAnvilChunkStorage (world): All chunks are saved
[22:48:44] [Server thread/INFO]: ThreadedAnvilChunkStorage (DIM-1): All chunks are saved
[22:48:44] [Server thread/INFO]: ThreadedAnvilChunkStorage (DIM1): All chunks are saved
